C:\USERS\CARSTEN\DOCUMENTS\PROJEKTER\MOXA\MOXAUPDATE\ISDHCP_CONSOLEAPPLICATION\CONSOLEAPPLICATION1\DEBUG\ISDHCP.PCH
C:\USERS\CARSTEN\DOCUMENTS\PROJEKTER\MOXA\MOXAUPDATE\ISDHCP_CONSOLEAPPLICATION\CONSOLEAPPLICATION1\DEBUG\STDAFX.OBJ
C:\USERS\CARSTEN\DOCUMENTS\PROJEKTER\MOXA\MOXAUPDATE\ISDHCP_CONSOLEAPPLICATION\CONSOLEAPPLICATION1\DEBUG\VC110.PDB
C:\USERS\CARSTEN\DOCUMENTS\PROJEKTER\MOXA\MOXAUPDATE\ISDHCP_CONSOLEAPPLICATION\CONSOLEAPPLICATION1\DEBUG\CONSOLEAPPLICATION1.OBJ
C:\USERS\CARSTEN\DOCUMENTS\PROJEKTER\MOXA\MOXAUPDATE\ISDHCP_CONSOLEAPPLICATION\DEBUG\ISDHCP.ILK
C:\USERS\CARSTEN\DOCUMENTS\PROJEKTER\MOXA\MOXAUPDATE\ISDHCP_CONSOLEAPPLICATION\DEBUG\ISDHCP.EXE
C:\USERS\CARSTEN\DOCUMENTS\PROJEKTER\MOXA\MOXAUPDATE\ISDHCP_CONSOLEAPPLICATION\DEBUG\ISDHCP.PDB
C:\Users\Carsten\Documents\Projekter\Moxa\MoxaUpdate\isdhcp_ConsoleApplication\ConsoleApplication1\Debug\ConsoleApplication1.obj
C:\Users\Carsten\Documents\Projekter\Moxa\MoxaUpdate\isdhcp_ConsoleApplication\ConsoleApplication1\Debug\stdafx.obj
C:\Users\Carsten\Documents\Projekter\Moxa\MoxaUpdate\isdhcp_ConsoleApplication\ConsoleApplication1\Debug\cl.command.1.tlog
C:\Users\Carsten\Documents\Projekter\Moxa\MoxaUpdate\isdhcp_ConsoleApplication\ConsoleApplication1\Debug\CL.read.1.tlog
C:\Users\Carsten\Documents\Projekter\Moxa\MoxaUpdate\isdhcp_ConsoleApplication\ConsoleApplication1\Debug\CL.write.1.tlog
C:\Users\Carsten\Documents\Projekter\Moxa\MoxaUpdate\isdhcp_ConsoleApplication\ConsoleApplication1\Debug\link-cvtres.read.1.tlog
C:\Users\Carsten\Documents\Projekter\Moxa\MoxaUpdate\isdhcp_ConsoleApplication\ConsoleApplication1\Debug\link-cvtres.write.1.tlog
C:\Users\Carsten\Documents\Projekter\Moxa\MoxaUpdate\isdhcp_ConsoleApplication\ConsoleApplication1\Debug\link-rc.read.1.tlog
C:\Users\Carsten\Documents\Projekter\Moxa\MoxaUpdate\isdhcp_ConsoleApplication\ConsoleApplication1\Debug\link-rc.write.1.tlog
C:\Users\Carsten\Documents\Projekter\Moxa\MoxaUpdate\isdhcp_ConsoleApplication\ConsoleApplication1\Debug\link.command.1.tlog
C:\Users\Carsten\Documents\Projekter\Moxa\MoxaUpdate\isdhcp_ConsoleApplication\ConsoleApplication1\Debug\link.read.1.tlog
C:\Users\Carsten\Documents\Projekter\Moxa\MoxaUpdate\isdhcp_ConsoleApplication\ConsoleApplication1\Debug\link.write.1.tlog
C:\Users\Carsten\Documents\Projekter\Moxa\MoxaUpdate\isdhcp_ConsoleApplication\ConsoleApplication1\Debug\isdhcp.pch
C:\Users\Carsten\Documents\Projekter\Moxa\MoxaUpdate\isdhcp_ConsoleApplication\ConsoleApplication1\Debug\vc110.idb
C:\Users\Carsten\Documents\Projekter\Moxa\MoxaUpdate\isdhcp_ConsoleApplication\ConsoleApplication1\Debug\vc110.pdb
C:\Users\Carsten\Documents\Projekter\Moxa\MoxaUpdate\isdhcp_ConsoleApplication\Debug\isdhcp.pdb
C:\Users\Carsten\Documents\Projekter\Moxa\MoxaUpdate\isdhcp_ConsoleApplication\Debug\isdhcp.exe
C:\Users\Carsten\Documents\Projekter\Moxa\MoxaUpdate\isdhcp_ConsoleApplication\Debug\isdhcp.ilk
